#
# There is insufficient memory for the Java Runtime Environment to continue.
# Native memory allocation (malloc) failed to allocate 32744 bytes for ChunkPool::allocate
# Possible reasons:
#   The system is out of physical RAM or swap space
#   The process is running with CompressedOops enabled, and the Java Heap may be blocking the growth of the native heap
# Possible solutions:
#   Reduce memory load on the system
#   Increase physical memory or swap space
#   Check if swap backing store is full
#   Decrease Java heap size (-Xmx/-Xms)
#   Decrease number of Java threads
#   Decrease Java thread stack sizes (-Xss)
#   Set larger code cache with -XX:ReservedCodeCacheSize=
#   JVM is running with Zero Based Compressed Oops mode in which the Java heap is
#     placed in the first 32GB address space. The Java Heap base address is the
#     maximum limit for the native heap growth. Please use -XX:HeapBaseMinAddress
#     to set the Java Heap base and to place the Java Heap above 32GB virtual address.
# This output file may be truncated or incomplete.
#
#  Out of Memory Error (arena.cpp:79), pid=20544, tid=18624
#
# JRE version: OpenJDK Runtime Environment JBR-17.0.10+8-1207.12-jcef (17.0.10+8) (build 17.0.10+8-b1207.12)
# Java VM: OpenJDK 64-Bit Server VM JBR-17.0.10+8-1207.12-jcef (17.0.10+8-b1207.12, mixed mode, tiered, compressed oops, compressed class ptrs, g1 gc, windows-amd64)
# No core dump will be written. Minidumps are not enabled by default on client versions of Windows
#

---------------  S U M M A R Y ------------

Command Line: git4idea.http.GitAskPassApp Password for 'https://ImanuelPerel@github.com': 

Host: Intel(R) Core(TM) i5-8365U CPU @ 1.60GHz, 8 cores, 15G,  Windows 10 , 64 bit Build 19041 (10.0.19041.3636)
Time: Sun May  5 01:46:57 2024 Jerusalem Daylight Time elapsed time: 1.754994 seconds (0d 0h 0m 1s)

---------------  T H R E A D  ---------------

Current thread (0x000001bf5763bc60):  JavaThread "C2 CompilerThread0" daemon [_thread_in_native, id=18624, stack(0x0000000e20a00000,0x0000000e20b00000)]


Current CompileTask:
C2:   1755  958       4       sun.security.util.math.intpoly.IntegerPolynomial$MutableElement::setValue (6 bytes)

Stack: [0x0000000e20a00000,0x0000000e20b00000]
Native frames: (J=compiled Java code, j=interpreted, Vv=VM code, C=native code)
V  [jvm.dll+0x687989]
V  [jvm.dll+0x84116a]
V  [jvm.dll+0x842dae]
V  [jvm.dll+0x843413]
V  [jvm.dll+0x249ccf]
V  [jvm.dll+0xac721]
V  [jvm.dll+0xacb6c]
V  [jvm.dll+0xac62b]
V  [jvm.dll+0x664f06]
V  [jvm.dll+0x663934]
V  [jvm.dll+0x344750]
V  [jvm.dll+0x34ac6c]
V  [jvm.dll+0x3505ca]
V  [jvm.dll+0x3454b2]
V  [jvm.dll+0x34cf8c]
V  [jvm.dll+0x1aa7f0]
V  [jvm.dll+0x69db7e]
V  [jvm.dll+0x697ddb]
V  [jvm.dll+0x697417]
V  [jvm.dll+0x695302]
V  [jvm.dll+0x1a928c]
V  [jvm.dll+0x1a9e56]
V  [jvm.dll+0x2b04e4]
V  [jvm.dll+0x69fe15]
V  [jvm.dll+0x697ddb]
V  [jvm.dll+0x697417]
V  [jvm.dll+0x695302]
V  [jvm.dll+0x1a928c]
V  [jvm.dll+0x21a858]
V  [jvm.dll+0x1a602d]
V  [jvm.dll+0x22ac2e]
V  [jvm.dll+0x228db5]
V  [jvm.dll+0x7f5417]
V  [jvm.dll+0x7ef81a]
V  [jvm.dll+0x686805]
C  [ucrtbase.dll+0x21bb2]
C  [KERNEL32.DLL+0x17344]
C  [ntdll.dll+0x526b1]


---------------  P R O C E S S  ---------------

Threads class SMR info:
_java_thread_list=0x000001bf5c293920, length=16, elements={
0x000001bf368bbf90, 0x000001bf57607620, 0x000001bf576085e0, 0x000001bf57619040,
0x000001bf57619c00, 0x000001bf5761c5d0, 0x000001bf5761cf90, 0x000001bf5763bc60,
0x000001bf5763c570, 0x000001bf5763fea0, 0x000001bf577b2840, 0x000001bf577c9020,
0x000001bf5c1f7450, 0x000001bf5c259f00, 0x000001bf5c2ac050, 0x000001bf5c2eccf0
}

Java Threads: ( => current thread )
  0x000001bf368bbf90 JavaThread "main" [_thread_blocked, id=8568, stack(0x0000000e1fd00000,0x0000000e1fe00000)]
  0x000001bf57607620 JavaThread "Reference Handler" daemon [_thread_blocked, id=23164, stack(0x0000000e20400000,0x0000000e20500000)]
  0x000001bf576085e0 JavaThread "Finalizer" daemon [_thread_blocked, id=15208, stack(0x0000000e20500000,0x0000000e20600000)]
  0x000001bf57619040 JavaThread "Signal Dispatcher" daemon [_thread_blocked, id=21768, stack(0x0000000e20600000,0x0000000e20700000)]
  0x000001bf57619c00 JavaThread "Attach Listener" daemon [_thread_blocked, id=17016, stack(0x0000000e20700000,0x0000000e20800000)]
  0x000001bf5761c5d0 JavaThread "Service Thread" daemon [_thread_blocked, id=14180, stack(0x0000000e20800000,0x0000000e20900000)]
  0x000001bf5761cf90 JavaThread "Monitor Deflation Thread" daemon [_thread_blocked, id=23708, stack(0x0000000e20900000,0x0000000e20a00000)]
=>0x000001bf5763bc60 JavaThread "C2 CompilerThread0" daemon [_thread_in_native, id=18624, stack(0x0000000e20a00000,0x0000000e20b00000)]
  0x000001bf5763c570 JavaThread "C1 CompilerThread0" daemon [_thread_blocked, id=22784, stack(0x0000000e20b00000,0x0000000e20c00000)]
  0x000001bf5763fea0 JavaThread "Sweeper thread" daemon [_thread_blocked, id=15168, stack(0x0000000e20c00000,0x0000000e20d00000)]
  0x000001bf577b2840 JavaThread "Notification Thread" daemon [_thread_blocked, id=24664, stack(0x0000000e20d00000,0x0000000e20e00000)]
  0x000001bf577c9020 JavaThread "Common-Cleaner" daemon [_thread_blocked, id=4220, stack(0x0000000e20f00000,0x0000000e21000000)]
  0x000001bf5c1f7450 JavaThread "HttpClient-1-SelectorManager" daemon [_thread_in_native, id=19252, stack(0x0000000e21000000,0x0000000e21100000)]
  0x000001bf5c259f00 JavaThread "HttpClient-1-Worker-0" daemon [_thread_blocked, id=13540, stack(0x0000000e21200000,0x0000000e21300000)]
  0x000001bf5c2ac050 JavaThread "HttpClient-1-Worker-1" daemon [_thread_blocked, id=13588, stack(0x0000000e21300000,0x0000000e21400000)]
  0x000001bf5c2eccf0 JavaThread "C2 CompilerThread1" daemon [_thread_in_native, id=24572, stack(0x0000000e21400000,0x0000000e21500000)]

Other Threads:
  0x000001bf575e5960 VMThread "VM Thread" [stack: 0x0000000e20300000,0x0000000e20400000] [id=27304]
  0x000001bf5743df20 WatcherThread [stack: 0x0000000e20e00000,0x0000000e20f00000] [id=8836]
  0x000001bf389bc1b0 GCTaskThread "GC Thread#0" [stack: 0x0000000e1fe00000,0x0000000e1ff00000] [id=13044]
  0x000001bf389ccd40 ConcurrentGCThread "G1 Main Marker" [stack: 0x0000000e1ff00000,0x0000000e20000000] [id=15816]
  0x000001bf389cdf00 ConcurrentGCThread "G1 Conc#0" [stack: 0x0000000e20000000,0x0000000e20100000] [id=16920]
  0x000001bf57306500 ConcurrentGCThread "G1 Refine#0" [stack: 0x0000000e20100000,0x0000000e20200000] [id=25672]
  0x000001bf57306f30 ConcurrentGCThread "G1 Service" [stack: 0x0000000e20200000,0x0000000e20300000] [id=12652]

Threads with active compile tasks:
C2 CompilerThread0     2132  958       4       sun.security.util.math.intpoly.IntegerPolynomial$MutableElement::setValue (6 bytes)
C2 CompilerThread1     2133 1067       4       jdk.internal.org.objectweb.asm.SymbolTable::addConstantUtf8 (98 bytes)

VM state: not at safepoint (normal execution)

VM Mutex/Monitor currently owned by a thread: None

Heap address: 0x0000000703c00000, size: 4036 MB, Compressed Oops mode: Zero based, Oop shift amount: 3

CDS archive(s) not mapped
Compressed class space mapped at: 0x0000000800000000-0x0000000840000000, reserved size: 1073741824
Narrow klass base: 0x0000000800000000, Narrow klass shift: 0, Narrow klass range: 0x40000000

GC Precious Log:
 CPUs: 8 total, 8 available
 Memory: 16142M
 Large Page Support: Disabled
 NUMA Support: Disabled
 Compressed Oops: Enabled (Zero based)
 Heap Region Size: 2M
 Heap Min Capacity: 8M
 Heap Initial Capacity: 254M
 Heap Max Capacity: 4036M
 Pre-touch: Disabled
 Parallel Workers: 8
 Concurrent Workers: 2
 Concurrent Refinement Workers: 8
 Periodic GC: Disabled

Heap:
 garbage-first heap   total 260096K, used 14336K [0x0000000703c00000, 0x0000000800000000)
  region size 2048K, 8 young (16384K), 0 survivors (0K)
 Metaspace       used 16850K, committed 17152K, reserved 1114112K
  class space    used 1792K, committed 1920K, reserved 1048576K

Heap Regions: E=young(eden), S=young(survivor), O=old, HS=humongous(starts), HC=humongous(continues), CS=collection set, F=free, OA=open archive, CA=closed archive, TAMS=top-at-mark-start (previous, next)
|   0|0x0000000703c00000, 0x0000000703c00000, 0x0000000703e00000|  0%| F|  |TAMS 0x0000000703c00000, 0x0000000703c00000| Untracked 
|   1|0x0000000703e00000, 0x0000000703e00000, 0x0000000704000000|  0%| F|  |TAMS 0x0000000703e00000, 0x0000000703e00000| Untracked 
|   2|0x0000000704000000, 0x0000000704000000, 0x0000000704200000|  0%| F|  |TAMS 0x0000000704000000, 0x0000000704000000| Untracked 
|   3|0x0000000704200000, 0x0000000704200000, 0x0000000704400000|  0%| F|  |TAMS 0x0000000704200000, 0x0000000704200000| Untracked 
|   4|0x0000000704400000, 0x0000000704400000, 0x0000000704600000|  0%| F|  |TAMS 0x0000000704400000, 0x0000000704400000| Untracked 
|   5|0x0000000704600000, 0x0000000704600000, 0x0000000704800000|  0%| F|  |TAMS 0x0000000704600000, 0x0000000704600000| Untracked 
|   6|0x0000000704800000, 0x0000000704800000, 0x0000000704a00000|  0%| F|  |TAMS 0x0000000704800000, 0x0000000704800000| Untracked 
|   7|0x0000000704a00000, 0x0000000704a00000, 0x0000000704c00000|  0%| F|  |TAMS 0x0000000704a00000, 0x0000000704a00000| Untracked 
|   8|0x0000000704c00000, 0x0000000704c00000, 0x0000000704e00000|  0%| F|  |TAMS 0x0000000704c00000, 0x0000000704c00000| Untracked 
|   9|0x0000000704e00000, 0x0000000704e00000, 0x0000000705000000|  0%| F|  |TAMS 0x0000000704e00000, 0x0000000704e00000| Untracked 
|  10|0x0000000705000000, 0x0000000705000000, 0x0000000705200000|  0%| F|  |TAMS 0x0000000705000000, 0x0000000705000000| Untracked 
|  11|0x0000000705200000, 0x0000000705200000, 0x0000000705400000|  0%| F|  |TAMS 0x0000000705200000, 0x0000000705200000| Untracked 
|  12|0x0000000705400000, 0x0000000705400000, 0x0000000705600000|  0%| F|  |TAMS 0x0000000705400000, 0x0000000705400000| Untracked 
|  13|0x0000000705600000, 0x0000000705600000, 0x0000000705800000|  0%| F|  |TAMS 0x0000000705600000, 0x0000000705600000| Untracked 
|  14|0x0000000705800000, 0x0000000705800000, 0x0000000705a00000|  0%| F|  |TAMS 0x0000000705800000, 0x0000000705800000| Untracked 
|  15|0x0000000705a00000, 0x0000000705a00000, 0x0000000705c00000|  0%| F|  |TAMS 0x0000000705a00000, 0x0000000705a00000| Untracked 
|  16|0x0000000705c00000, 0x0000000705c00000, 0x0000000705e00000|  0%| F|  |TAMS 0x0000000705c00000, 0x0000000705c00000| Untracked 
|  17|0x0000000705e00000, 0x0000000705e00000, 0x0000000706000000|  0%| F|  |TAMS 0x0000000705e00000, 0x0000000705e00000| Untracked 
|  18|0x0000000706000000, 0x0000000706000000, 0x0000000706200000|  0%| F|  |TAMS 0x0000000706000000, 0x0000000706000000| Untracked 
|  19|0x0000000706200000, 0x0000000706200000, 0x0000000706400000|  0%| F|  |TAMS 0x0000000706200000, 0x0000000706200000| Untracked 
|  20|0x0000000706400000, 0x0000000706400000, 0x0000000706600000|  0%| F|  |TAMS 0x0000000706400000, 0x0000000706400000| Untracked 
|  21|0x0000000706600000, 0x0000000706600000, 0x0000000706800000|  0%| F|  |TAMS 0x0000000706600000, 0x0000000706600000| Untracked 
|  22|0x0000000706800000, 0x0000000706800000, 0x0000000706a00000|  0%| F|  |TAMS 0x0000000706800000, 0x0000000706800000| Untracked 
|  23|0x0000000706a00000, 0x0000000706a00000, 0x0000000706c00000|  0%| F|  |TAMS 0x0000000706a00000, 0x0000000706a00000| Untracked 
|  24|0x0000000706c00000, 0x0000000706c00000, 0x0000000706e00000|  0%| F|  |TAMS 0x0000000706c00000, 0x0000000706c00000| Untracked 
|  25|0x0000000706e00000, 0x0000000706e00000, 0x0000000707000000|  0%| F|  |TAMS 0x0000000706e00000, 0x0000000706e00000| Untracked 
|  26|0x0000000707000000, 0x0000000707000000, 0x0000000707200000|  0%| F|  |TAMS 0x0000000707000000, 0x0000000707000000| Untracked 
|  27|0x0000000707200000, 0x0000000707200000, 0x0000000707400000|  0%| F|  |TAMS 0x0000000707200000, 0x0000000707200000| Untracked 
|  28|0x0000000707400000, 0x0000000707400000, 0x0000000707600000|  0%| F|  |TAMS 0x0000000707400000, 0x0000000707400000| Untracked 
|  29|0x0000000707600000, 0x0000000707600000, 0x0000000707800000|  0%| F|  |TAMS 0x0000000707600000, 0x0000000707600000| Untracked 
|  30|0x0000000707800000, 0x0000000707800000, 0x0000000707a00000|  0%| F|  |TAMS 0x0000000707800000, 0x0000000707800000| Untracked 
|  31|0x0000000707a00000, 0x0000000707a00000, 0x0000000707c00000|  0%| F|  |TAMS 0x0000000707a00000, 0x0000000707a00000| Untracked 
|  32|0x0000000707c00000, 0x0000000707c00000, 0x0000000707e00000|  0%| F|  |TAMS 0x0000000707c00000, 0x0000000707c00000| Untracked 
|  33|0x0000000707e00000, 0x0000000707e00000, 0x0000000708000000|  0%| F|  |TAMS 0x0000000707e00000, 0x0000000707e00000| Untracked 
|  34|0x0000000708000000, 0x0000000708000000, 0x0000000708200000|  0%| F|  |TAMS 0x0000000708000000, 0x0000000708000000| Untracked 
|  35|0x0000000708200000, 0x0000000708200000, 0x0000000708400000|  0%| F|  |TAMS 0x0000000708200000, 0x0000000708200000| Untracked 
|  36|0x0000000708400000, 0x0000000708400000, 0x0000000708600000|  0%| F|  |TAMS 0x0000000708400000, 0x0000000708400000| Untracked 
|  37|0x0000000708600000, 0x0000000708600000, 0x0000000708800000|  0%| F|  |TAMS 0x0000000708600000, 0x0000000708600000| Untracked 
|  38|0x0000000708800000, 0x0000000708800000, 0x0000000708a00000|  0%| F|  |TAMS 0x0000000708800000, 0x0000000708800000| Untracked 
|  39|0x0000000708a00000, 0x0000000708a00000, 0x0000000708c00000|  0%| F|  |TAMS 0x0000000708a00000, 0x0000000708a00000| Untracked 
|  40|0x0000000708c00000, 0x0000000708c00000, 0x0000000708e00000|  0%| F|  |TAMS 0x0000000708c00000, 0x0000000708c00000| Untracked 
|  41|0x0000000708e00000, 0x0000000708e00000, 0x0000000709000000|  0%| F|  |TAMS 0x0000000708e00000, 0x0000000708e00000| Untracked 
|  42|0x0000000709000000, 0x0000000709000000, 0x0000000709200000|  0%| F|  |TAMS 0x0000000709000000, 0x0000000709000000| Untracked 
|  43|0x0000000709200000, 0x0000000709200000, 0x0000000709400000|  0%| F|  |TAMS 0x0000000709200000, 0x0000000709200000| Untracked 
|  44|0x0000000709400000, 0x0000000709400000, 0x0000000709600000|  0%| F|  |TAMS 0x0000000709400000, 0x0000000709400000| Untracked 
|  45|0x0000000709600000, 0x0000000709600000, 0x0000000709800000|  0%| F|  |TAMS 0x0000000709600000, 0x0000000709600000| Untracked 
|  46|0x0000000709800000, 0x0000000709800000, 0x0000000709a00000|  0%| F|  |TAMS 0x0000000709800000, 0x0000000709800000| Untracked 
|  47|0x0000000709a00000, 0x0000000709a00000, 0x0000000709c00000|  0%| F|  |TAMS 0x0000000709a00000, 0x0000000709a00000| Untracked 
|  48|0x0000000709c00000, 0x0000000709c00000, 0x0000000709e00000|  0%| F|  |TAMS 0x0000000709c00000, 0x0000000709c00000| Untracked 
|  49|0x0000000709e00000, 0x0000000709e00000, 0x000000070a000000|  0%| F|  |TAMS 0x0000000709e00000, 0x0000000709e00000| Untracked 
|  50|0x000000070a000000, 0x000000070a000000, 0x000000070a200000|  0%| F|  |TAMS 0x000000070a000000, 0x000000070a000000| Untracked 
|  51|0x000000070a200000, 0x000000070a200000, 0x000000070a400000|  0%| F|  |TAMS 0x000000070a200000, 0x000000070a200000| Untracked 
|  52|0x000000070a400000, 0x000000070a400000, 0x000000070a600000|  0%| F|  |TAMS 0x000000070a400000, 0x000000070a400000| Untracked 
|  53|0x000000070a600000, 0x000000070a600000, 0x000000070a800000|  0%| F|  |TAMS 0x000000070a600000, 0x000000070a600000| Untracked 
|  54|0x000000070a800000, 0x000000070a800000, 0x000000070aa00000|  0%| F|  |TAMS 0x000000070a800000, 0x000000070a800000| Untracked 
|  55|0x000000070aa00000, 0x000000070aa00000, 0x000000070ac00000|  0%| F|  |TAMS 0x000000070aa00000, 0x000000070aa00000| Untracked 
|  56|0x000000070ac00000, 0x000000070ac00000, 0x000000070ae00000|  0%| F|  |TAMS 0x000000070ac00000, 0x000000070ac00000| Untracked 
|  57|0x000000070ae00000, 0x000000070ae00000, 0x000000070b000000|  0%| F|  |TAMS 0x000000070ae00000, 0x000000070ae00000| Untracked 
|  58|0x000000070b000000, 0x000000070b000000, 0x000000070b200000|  0%| F|  |TAMS 0x000000070b000000, 0x000000070b000000| Untracked 
|  59|0x000000070b200000, 0x000000070b200000, 0x000000070b400000|  0%| F|  |TAMS 0x000000070b200000, 0x000000070b200000| Untracked 
|  60|0x000000070b400000, 0x000000070b400000, 0x000000070b600000|  0%| F|  |TAMS 0x000000070b400000, 0x000000070b400000| Untracked 
|  61|0x000000070b600000, 0x000000070b600000, 0x000000070b800000|  0%| F|  |TAMS 0x000000070b600000, 0x000000070b600000| Untracked 
|  62|0x000000070b800000, 0x000000070b800000, 0x000000070ba00000|  0%| F|  |TAMS 0x000000070b800000, 0x000000070b800000| Untracked 
|  63|0x000000070ba00000, 0x000000070ba00000, 0x000000070bc00000|  0%| F|  |TAMS 0x000000070ba00000, 0x000000070ba00000| Untracked 
|  64|0x000000070bc00000, 0x000000070bc00000, 0x000000070be00000|  0%| F|  |TAMS 0x000000070bc00000, 0x000000070bc00000| Untracked 
|  65|0x000000070be00000, 0x000000070be00000, 0x000000070c000000|  0%| F|  |TAMS 0x000000070be00000, 0x000000070be00000| Untracked 
|  66|0x000000070c000000, 0x000000070c000000, 0x000000070c200000|  0%| F|  |TAMS 0x000000070c000000, 0x000000070c000000| Untracked 
|  67|0x000000070c200000, 0x000000070c200000, 0x000000070c400000|  0%| F|  |TAMS 0x000000070c200000, 0x000000070c200000| Untracked 
|  68|0x000000070c400000, 0x000000070c400000, 0x000000070c600000|  0%| F|  |TAMS 0x000000070c400000, 0x000000070c400000| Untracked 
|  69|0x000000070c600000, 0x000000070c600000, 0x000000070c800000|  0%| F|  |TAMS 0x000000070c600000, 0x000000070c600000| Untracked 
|  70|0x000000070c800000, 0x000000070c800000, 0x000000070ca00000|  0%| F|  |TAMS 0x000000070c800000, 0x000000070c800000| Untracked 
|  71|0x000000070ca00000, 0x000000070ca00000, 0x000000070cc00000|  0%| F|  |TAMS 0x000000070ca00000, 0x000000070ca00000| Untracked 
|  72|0x000000070cc00000, 0x000000070cc00000, 0x000000070ce00000|  0%| F|  |TAMS 0x000000070cc00000, 0x000000070cc00000| Untracked 
|  73|0x000000070ce00000, 0x000000070ce00000, 0x000000070d000000|  0%| F|  |TAMS 0x000000070ce00000, 0x000000070ce00000| Untracked 
|  74|0x000000070d000000, 0x000000070d000000, 0x000000070d200000|  0%| F|  |TAMS 0x000000070d000000, 0x000000070d000000| Untracked 
|  75|0x000000070d200000, 0x000000070d200000, 0x000000070d400000|  0%| F|  |TAMS 0x000000070d200000, 0x000000070d200000| Untracked 
|  76|0x000000070d400000, 0x000000070d400000, 0x000000070d600000|  0%| F|  |TAMS 0x000000070d400000, 0x000000070d400000| Untracked 
|  77|0x000000070d600000, 0x000000070d600000, 0x000000070d800000|  0%| F|  |TAMS 0x000000070d600000, 0x000000070d600000| Untracked 
|  78|0x000000070d800000, 0x000000070d800000, 0x000000070da00000|  0%| F|  |TAMS 0x000000070d800000, 0x000000070d800000| Untracked 
|  79|0x000000070da00000, 0x000000070da00000, 0x000000070dc00000|  0%| F|  |TAMS 0x000000070da00000, 0x000000070da00000| Untracked 
|  80|0x000000070dc00000, 0x000000070dc00000, 0x000000070de00000|  0%| F|  |TAMS 0x000000070dc00000, 0x000000070dc00000| Untracked 
|  81|0x000000070de00000, 0x000000070de00000, 0x000000070e000000|  0%| F|  |TAMS 0x000000070de00000, 0x000000070de00000| Untracked 
|  82|0x000000070e000000, 0x000000070e000000, 0x000000070e200000|  0%| F|  |TAMS 0x000000070e000000, 0x000000070e000000| Untracked 
|  83|0x000000070e200000, 0x000000070e200000, 0x000000070e400000|  0%| F|  |TAMS 0x000000070e200000, 0x000000070e200000| Untracked 
|  84|0x000000070e400000, 0x000000070e400000, 0x000000070e600000|  0%| F|  |TAMS 0x000000070e400000, 0x000000070e400000| Untracked 
|  85|0x000000070e600000, 0x000000070e600000, 0x000000070e800000|  0%| F|  |TAMS 0x000000070e600000, 0x000000070e600000| Untracked 
|  86|0x000000070e800000, 0x000000070e800000, 0x000000070ea00000|  0%| F|  |TAMS 0x000000070e800000, 0x000000070e800000| Untracked 
|  87|0x000000070ea00000, 0x000000070ea00000, 0x000000070ec00000|  0%| F|  |TAMS 0x000000070ea00000, 0x000000070ea00000| Untracked 
|  88|0x000000070ec00000, 0x000000070ec00000, 0x000000070ee00000|  0%| F|  |TAMS 0x000000070ec00000, 0x000000070ec00000| Untracked 
|  89|0x000000070ee00000, 0x000000070ee00000, 0x000000070f000000|  0%| F|  |TAMS 0x000000070ee00000, 0x000000070ee00000| Untracked 
|  90|0x000000070f000000, 0x000000070f000000, 0x000000070f200000|  0%| F|  |TAMS 0x000000070f000000, 0x000000070f000000| Untracked 
|  91|0x000000070f200000, 0x000000070f200000, 0x000000070f400000|  0%| F|  |TAMS 0x000000070f200000, 0x000000070f200000| Untracked 
|  92|0x000000070f400000, 0x000000070f400000, 0x000000070f600000|  0%| F|  |TAMS 0x000000070f400000, 0x000000070f400000| Untracked 
|  93|0x000000070f600000, 0x000000070f600000, 0x000000070f800000|  0%| F|  |TAMS 0x000000070f600000, 0x000000070f600000| Untracked 
|  94|0x000000070f800000, 0x000000070f800000, 0x000000070fa00000|  0%| F|  |TAMS 0x000000070f800000, 0x000000070f800000| Untracked 
|  95|0x000000070fa00000, 0x000000070fa00000, 0x000000070fc00000|  0%| F|  |TAMS 0x000000070fa00000, 0x000000070fa00000| Untracked 
|  96|0x000000070fc00000, 0x000000070fc00000, 0x000000070fe00000|  0%| F|  |TAMS 0x000000070fc00000, 0x000000070fc00000| Untracked 
|  97|0x000000070fe00000, 0x000000070fe00000, 0x0000000710000000|  0%| F|  |TAMS 0x000000070fe00000, 0x000000070fe00000| Untracked 
|  98|0x0000000710000000, 0x0000000710000000, 0x0000000710200000|  0%| F|  |TAMS 0x0000000710000000, 0x0000000710000000| Untracked 
|  99|0x0000000710200000, 0x0000000710200000, 0x0000000710400000|  0%| F|  |TAMS 0x0000000710200000, 0x0000000710200000| Untracked 
| 100|0x0000000710400000, 0x0000000710400000, 0x0000000710600000|  0%| F|  |TAMS 0x0000000710400000, 0x0000000710400000| Untracked 
| 101|0x0000000710600000, 0x0000000710600000, 0x0000000710800000|  0%| F|  |TAMS 0x0000000710600000, 0x0000000710600000| Untracked 
| 102|0x0000000710800000, 0x0000000710800000, 0x0000000710a00000|  0%| F|  |TAMS 0x0000000710800000, 0x0000000710800000| Untracked 
| 103|0x0000000710a00000, 0x0000000710a00000, 0x0000000710c00000|  0%| F|  |TAMS 0x0000000710a00000, 0x0000000710a00000| Untracked 
| 104|0x0000000710c00000, 0x0000000710c00000, 0x0000000710e00000|  0%| F|  |TAMS 0x0000000710c00000, 0x0000000710c00000| Untracked 
| 105|0x0000000710e00000, 0x0000000710e00000, 0x0000000711000000|  0%| F|  |TAMS 0x0000000710e00000, 0x0000000710e00000| Untracked 
| 106|0x0000000711000000, 0x0000000711000000, 0x0000000711200000|  0%| F|  |TAMS 0x0000000711000000, 0x0000000711000000| Untracked 
| 107|0x0000000711200000, 0x0000000711200000, 0x0000000711400000|  0%| F|  |TAMS 0x0000000711200000, 0x0000000711200000| Untracked 
| 108|0x0000000711400000, 0x0000000711400000, 0x0000000711600000|  0%| F|  |TAMS 0x0000000711400000, 0x0000000711400000| Untracked 
| 109|0x0000000711600000, 0x0000000711600000, 0x0000000711800000|  0%| F|  |TAMS 0x0000000711600000, 0x0000000711600000| Untracked 
| 110|0x0000000711800000, 0x0000000711800000, 0x0000000711a00000|  0%| F|  |TAMS 0x0000000711800000, 0x0000000711800000| Untracked 
| 111|0x0000000711a00000, 0x0000000711a00000, 0x0000000711c00000|  0%| F|  |TAMS 0x0000000711a00000, 0x0000000711a00000| Untracked 
| 112|0x0000000711c00000, 0x0000000711c00000, 0x0000000711e00000|  0%| F|  |TAMS 0x0000000711c00000, 0x0000000711c00000| Untracked 
| 113|0x0000000711e00000, 0x0000000711e00000, 0x0000000712000000|  0%| F|  |TAMS 0x0000000711e00000, 0x0000000711e00000| Untracked 
| 114|0x0000000712000000, 0x0000000712000000, 0x0000000712200000|  0%| F|  |TAMS 0x0000000712000000, 0x0000000712000000| Untracked 
| 115|0x0000000712200000, 0x0000000712200000, 0x0000000712400000|  0%| F|  |TAMS 0x0000000712200000, 0x0000000712200000| Untracked 
| 116|0x0000000712400000, 0x0000000712400000, 0x0000000712600000|  0%| F|  |TAMS 0x0000000712400000, 0x0000000712400000| Untracked 
| 117|0x0000000712600000, 0x0000000712600000, 0x0000000712800000|  0%| F|  |TAMS 0x0000000712600000, 0x0000000712600000| Untracked 
| 118|0x0000000712800000, 0x0000000712800000, 0x0000000712a00000|  0%| F|  |TAMS 0x0000000712800000, 0x0000000712800000| Untracked 
| 119|0x0000000712a00000, 0x0000000712ae55f8, 0x0000000712c00000| 44%| E|  |TAMS 0x0000000712a00000, 0x0000000712a00000| Complete 
| 120|0x0000000712c00000, 0x0000000712e00000, 0x0000000712e00000|100%| E|CS|TAMS 0x0000000712c00000, 0x0000000712c00000| Complete 
| 121|0x0000000712e00000, 0x0000000713000000, 0x0000000713000000|100%| E|CS|TAMS 0x0000000712e00000, 0x0000000712e00000| Complete 
| 122|0x0000000713000000, 0x0000000713200000, 0x0000000713200000|100%| E|CS|TAMS 0x0000000713000000, 0x0000000713000000| Complete 
| 123|0x0000000713200000, 0x0000000713400000, 0x0000000713400000|100%| E|CS|TAMS 0x0000000713200000, 0x0000000713200000| Complete 
| 124|0x0000000713400000, 0x0000000713600000, 0x0000000713600000|100%| E|CS|TAMS 0x0000000713400000, 0x0000000713400000| Complete 
| 125|0x0000000713600000, 0x0000000713800000, 0x0000000713800000|100%| E|CS|TAMS 0x0000000713600000, 0x0000000713600000| Complete 
| 126|0x0000000713800000, 0x0000000713a00000, 0x0000000713a00000|100%| E|CS|TAMS 0x0000000713800000, 0x0000000713800000| Complete 

Card table byte_map: [0x000001bf4bbf0000,0x000001bf4c3e0000] _byte_map_base: 0x000001bf483d2000

Marking Bits (Prev, Next): (CMBitMap*) 0x000001bf389bc7d0, (CMBitMap*) 0x000001bf389bc810
 Prev Bits: [0x000001bf4cbd0000, 0x000001bf50ae0000)
 Next Bits: [0x000001bf50ae0000, 0x000001bf549f0000)

Polling page: 0x000001bf367b0000

Metaspace:

Usage:
  Non-class:     14.71 MB used.
      Class:      1.75 MB used.
       Both:     16.46 MB used.

Virtual space:
  Non-class space:       64.00 MB reserved,      14.88 MB ( 23%) committed,  1 nodes.
      Class space:        1.00 GB reserved,       1.88 MB ( <1%) committed,  1 nodes.
             Both:        1.06 GB reserved,      16.75 MB (  2%) committed. 

Chunk freelists:
   Non-Class:  636.00 KB
       Class:  14.14 MB
        Both:  14.76 MB

MaxMetaspaceSize: unlimited
CompressedClassSpaceSize: 1.00 GB
Initial GC threshold: 21.00 MB
Current GC threshold: 21.00 MB
CDS: off
MetaspaceReclaimPolicy: balanced
 - commit_granule_bytes: 65536.
 - commit_granule_words: 8192.
 - virtual_space_node_default_size: 8388608.
 - enlarge_chunks_in_place: 1.
 - new_chunks_are_fully_committed: 0.
 - uncommit_free_chunks: 1.
 - use_allocation_guard: 0.
 - handle_deallocations: 1.


Internal statistics:

num_allocs_failed_limit: 0.
num_arena_births: 168.
num_arena_deaths: 0.
num_vsnodes_births: 2.
num_vsnodes_deaths: 0.
num_space_committed: 268.
num_space_uncommitted: 0.
num_chunks_returned_to_freelist: 0.
num_chunks_taken_from_freelist: 333.
num_chunk_merges: 0.
num_chunk_splits: 200.
num_chunks_enlarged: 122.
num_inconsistent_stats: 0.

CodeHeap 'non-profiled nmethods': size=120000Kb used=317Kb max_used=317Kb free=119682Kb
 bounds [0x000001bf43ba0000, 0x000001bf43e10000, 0x000001bf4b0d0000]
CodeHeap 'profiled nmethods': size=120000Kb used=1829Kb max_used=1829Kb free=118170Kb
 bounds [0x000001bf3c0d0000, 0x000001bf3c340000, 0x000001bf43600000]
CodeHeap 'non-nmethods': size=5760Kb used=1192Kb max_used=1209Kb free=4567Kb
 bounds [0x000001bf43600000, 0x000001bf43870000, 0x000001bf43ba0000]
 total_blobs=1583 nmethods=1097 adapters=399
 compilation: enabled
              stopped_count=0, restarted_count=0
 full_count=0

Compilation events (20 events):
Event: 1.691 Thread 0x000001bf5763bc60  939       4       sun.security.util.math.intpoly.IntegerPolynomialP256::carryReduce (454 bytes)
Event: 1.692 Thread 0x000001bf5c2eccf0 nmethod 935 0x000001bf43be4a10 code [0x000001bf43be4b80, 0x000001bf43be4e78]
Event: 1.696 Thread 0x000001bf5763bc60 nmethod 939 0x000001bf43be5010 code [0x000001bf43be5180, 0x000001bf43be5478]
Event: 1.719 Thread 0x000001bf5763c570  946       3       java.nio.HeapByteBuffer::get (14 bytes)
Event: 1.720 Thread 0x000001bf5763c570 nmethod 946 0x000001bf3c253c90 code [0x000001bf3c253e60, 0x000001bf3c254148]
Event: 1.720 Thread 0x000001bf5763c570  947       3       java.nio.Buffer::nextGetIndex (30 bytes)
Event: 1.720 Thread 0x000001bf5763c570 nmethod 947 0x000001bf3c254310 code [0x000001bf3c2544c0, 0x000001bf3c254688]
Event: 1.721 Thread 0x000001bf5763c570  949       3       java.lang.invoke.MemberName::isMethod (8 bytes)
Event: 1.721 Thread 0x000001bf5763c570 nmethod 949 0x000001bf3c254790 code [0x000001bf3c254940, 0x000001bf3c254b78]
Event: 1.721 Thread 0x000001bf5763c570  950       3       java.lang.reflect.Modifier::isPrivate (12 bytes)
Event: 1.722 Thread 0x000001bf5763c570 nmethod 950 0x000001bf3c254c90 code [0x000001bf3c254e20, 0x000001bf3c254f78]
Event: 1.723 Thread 0x000001bf5763c570  951       3       java.util.Collections$UnmodifiableCollection$1::next (10 bytes)
Event: 1.724 Thread 0x000001bf5763c570 nmethod 951 0x000001bf3c255010 code [0x000001bf3c2551c0, 0x000001bf3c2553a8]
Event: 1.724 Thread 0x000001bf5763c570  952  s    3       java.io.ByteArrayOutputStream::toByteArray (12 bytes)
Event: 1.725 Thread 0x000001bf5763c570 nmethod 952 0x000001bf3c255490 code [0x000001bf3c255640, 0x000001bf3c255848]
Event: 1.733 Thread 0x000001bf5763c570  953       3       sun.invoke.util.VerifyAccess::getClassModifiers (24 bytes)
Event: 1.733 Thread 0x000001bf5763c570 nmethod 953 0x000001bf3c255910 code [0x000001bf3c255ac0, 0x000001bf3c255d18]
Event: 1.734 Thread 0x000001bf5763c570  954       3       sun.security.provider.ByteArrayAccess::b2iBig64 (231 bytes)
Event: 1.741 Thread 0x000001bf5763bc60  958       4       sun.security.util.math.intpoly.IntegerPolynomial$MutableElement::setValue (6 bytes)
Event: 1.741 Thread 0x000001bf5c2eccf0  959       4       sun.security.util.math.intpoly.IntegerPolynomial$MutableElement::setValue (33 bytes)

GC Heap History (0 events):
No events

Dll operation events (1 events):
Event: 0.033 Loaded shared library D:\imanuel\programs downloaded\programs\IntelliJ IDEA Community Edition 2024.1\jbr\bin\java.dll

Deoptimization events (8 events):
Event: 0.976 Thread 0x000001bf368bbf90 DEOPT PACKING pc=0x000001bf3c1076ad sp=0x0000000e1fdfdd70
Event: 0.976 Thread 0x000001bf368bbf90 DEOPT UNPACKING pc=0x000001bf43657143 sp=0x0000000e1fdfd208 mode 0
Event: 1.219 Thread 0x000001bf368bbf90 DEOPT PACKING pc=0x000001bf3c0e8867 sp=0x0000000e1fdfac60
Event: 1.219 Thread 0x000001bf368bbf90 DEOPT UNPACKING pc=0x000001bf43657143 sp=0x0000000e1fdfa080 mode 0
Event: 1.275 Thread 0x000001bf368bbf90 Uncommon trap: trap_request=0xffffff45 fr.pc=0x000001bf43bbec9c relative=0x00000000000003fc
Event: 1.275 Thread 0x000001bf368bbf90 Uncommon trap: reason=unstable_if action=reinterpret pc=0x000001bf43bbec9c method=java.lang.StringLatin1.newString([BII)Ljava/lang/String; @ 1 c2
Event: 1.275 Thread 0x000001bf368bbf90 DEOPT PACKING pc=0x000001bf43bbec9c sp=0x0000000e1fdfe520
Event: 1.275 Thread 0x000001bf368bbf90 DEOPT UNPACKING pc=0x000001bf436569a3 sp=0x0000000e1fdfe4e8 mode 2

Classes unloaded (0 events):
No events

Classes redefined (0 events):
No events

Internal exceptions (20 events):
Event: 0.737 Thread 0x000001bf368bbf90 Exception <a 'java/lang/NoSuchMethodError'{0x00000007137a8800}: 'int java.lang.invoke.DirectMethodHandle$Holder.invokeStaticInit(java.lang.Object, java.lang.Object)'> (0x00000007137a8800) 
thrown [s\src\hotspot\share\interpreter\linkResolver.cpp, line 771]
Event: 0.838 Thread 0x000001bf368bbf90 Exception <a 'java/lang/NoSuchMethodError'{0x000000071348fc38}: 'java.lang.Object java.lang.invoke.DirectMethodHandle$Holder.invokeStaticInit(java.lang.Object, int, int, int, int)'> (0x000000071348fc38) 
thrown [s\src\hotspot\share\interpreter\linkResolver.cpp, line 771]
Event: 0.983 Thread 0x000001bf368bbf90 Exception <a 'java/lang/NoSuchMethodError'{0x00000007134e8d88}: 'java.lang.Object java.lang.invoke.DirectMethodHandle$Holder.invokeStaticInit(java.lang.Object, java.lang.Object, int, int, int, int)'> (0x00000007134e8d88) 
thrown [s\src\hotspot\share\interpreter\linkResolver.cpp, line 771]
Event: 1.014 Thread 0x000001bf368bbf90 Exception <a 'java/lang/NoSuchMethodError'{0x0000000713551430}: 'java.lang.Object java.lang.invoke.DirectMethodHandle$Holder.invokeStatic(java.lang.Object, java.lang.Object, int)'> (0x0000000713551430) 
thrown [s\src\hotspot\share\interpreter\linkResolver.cpp, line 771]
Event: 1.015 Thread 0x000001bf368bbf90 Exception <a 'java/lang/NoSuchMethodError'{0x0000000713554e28}: 'java.lang.Object java.lang.invoke.DirectMethodHandle$Holder.invokeStaticInit(java.lang.Object, java.lang.Object, int)'> (0x0000000713554e28) 
thrown [s\src\hotspot\share\interpreter\linkResolver.cpp, line 771]
Event: 1.017 Thread 0x000001bf368bbf90 Exception <a 'java/lang/NoSuchMethodError'{0x000000071355b1d8}: 'java.lang.Object java.lang.invoke.DirectMethodHandle$Holder.newInvokeSpecial(java.lang.Object, java.lang.Object, int)'> (0x000000071355b1d8) 
thrown [s\src\hotspot\share\interpreter\linkResolver.cpp, line 771]
Event: 1.026 Thread 0x000001bf368bbf90 Exception <a 'java/lang/NoSuchMethodError'{0x000000071356a9d0}: 'int java.lang.invoke.DirectMethodHandle$Holder.invokeStaticInit(java.lang.Object, java.lang.Object, java.lang.Object)'> (0x000000071356a9d0) 
thrown [s\src\hotspot\share\interpreter\linkResolver.cpp, line 771]
Event: 1.033 Thread 0x000001bf368bbf90 Exception <a 'java/lang/NoSuchMethodError'{0x000000071357abb0}: 'int java.lang.invoke.DirectMethodHandle$Holder.invokeSpecial(java.lang.Object, java.lang.Object, java.lang.Object)'> (0x000000071357abb0) 
thrown [s\src\hotspot\share\interpreter\linkResolver.cpp, line 771]
Event: 1.036 Thread 0x000001bf368bbf90 Exception <a 'java/lang/NoSuchMethodError'{0x0000000713582f90}: 'int java.lang.invoke.DirectMethodHandle$Holder.invokeSpecialIFC(java.lang.Object, java.lang.Object, java.lang.Object)'> (0x0000000713582f90) 
thrown [s\src\hotspot\share\interpreter\linkResolver.cpp, line 771]
Event: 1.117 Thread 0x000001bf368bbf90 Exception <a 'java/lang/NoSuchMethodError'{0x00000007132107b0}: 'java.lang.Object java.lang.invoke.DirectMethodHandle$Holder.invokeStaticInit(java.lang.Object)'> (0x00000007132107b0) 
thrown [s\src\hotspot\share\interpreter\linkResolver.cpp, line 771]
Event: 1.299 Thread 0x000001bf368bbf90 Exception <a 'java/lang/NoSuchMethodError'{0x0000000713351fe8}: 'java.lang.Object java.lang.invoke.DirectMethodHandle$Holder.newInvokeSpecial(java.lang.Object, java.lang.Object, java.lang.Object, java.lang.Object, java.lang.Object)'> (0x0000000713351fe8) 
thrown [s\src\hotspot\share\interpreter\linkResolver.cpp, line 771]
Event: 1.389 Thread 0x000001bf368bbf90 Exception <a 'java/lang/NoSuchMethodError'{0x000000071314ded8}: 'java.lang.Object java.lang.invoke.DirectMethodHandle$Holder.invokeSpecial(java.lang.Object, java.lang.Object, java.lang.Object, java.lang.Object, int)'> (0x000000071314ded8) 
thrown [s\src\hotspot\share\interpreter\linkResolver.cpp, line 771]
Event: 1.389 Thread 0x000001bf368bbf90 Exception <a 'java/lang/NoSuchMethodError'{0x0000000713151aa0}: 'java.lang.Object java.lang.invoke.Invokers$Holder.linkToTargetMethod(java.lang.Object, java.lang.Object, int, java.lang.Object)'> (0x0000000713151aa0) 
thrown [s\src\hotspot\share\interpreter\linkResolver.cpp, line 771]
Event: 1.419 Thread 0x000001bf368bbf90 Exception <a 'java/lang/NoSuchMethodError'{0x00000007131b27b8}: 'void java.lang.invoke.DirectMethodHandle$Holder.invokeSpecial(java.lang.Object, java.lang.Object, java.lang.Object)'> (0x00000007131b27b8) 
thrown [s\src\hotspot\share\interpreter\linkResolver.cpp, line 771]
Event: 1.461 Thread 0x000001bf5c1f7450 Exception <a 'java/lang/NoSuchMethodError'{0x000000071337abf8}: 'void java.lang.invoke.DirectMethodHandle$Holder.invokeStatic(java.lang.Object, java.lang.Object, int)'> (0x000000071337abf8) 
thrown [s\src\hotspot\share\interpreter\linkResolver.cpp, line 771]
Event: 1.462 Thread 0x000001bf368bbf90 Exception <a 'java/lang/NoSuchMethodError'{0x0000000712e38c70}: 'void java.lang.invoke.DirectMethodHandle$Holder.invokeSpecial(java.lang.Object, java.lang.Object, java.lang.Object, java.lang.Object, java.lang.Object)'> (0x0000000712e38c70) 
thrown [s\src\hotspot\share\interpreter\linkResolver.cpp, line 771]
Event: 1.482 Thread 0x000001bf5c259f00 Exception <a 'java/lang/NoSuchMethodError'{0x0000000712e95110}: 'void java.lang.invoke.DirectMethodHandle$Holder.invokeInterface(java.lang.Object, java.lang.Object, java.lang.Object)'> (0x0000000712e95110) 
thrown [s\src\hotspot\share\interpreter\linkResolver.cpp, line 771]
Event: 1.488 Thread 0x000001bf5c259f00 Exception <a 'java/lang/NoSuchMethodError'{0x0000000712eab5f8}: 'int java.lang.invoke.DirectMethodHandle$Holder.invokeStaticInit(java.lang.Object, int, int)'> (0x0000000712eab5f8) 
thrown [s\src\hotspot\share\interpreter\linkResolver.cpp, line 771]
Event: 1.504 Thread 0x000001bf5c259f00 Exception <a 'java/lang/NoSuchMethodError'{0x0000000712eee318}: 'void java.lang.invoke.DirectMethodHandle$Holder.invokeVirtual(java.lang.Object, java.lang.Object)'> (0x0000000712eee318) 
thrown [s\src\hotspot\share\interpreter\linkResolver.cpp, line 771]
Event: 1.721 Thread 0x000001bf5c259f00 Exception <a 'java/lang/NoSuchMethodError'{0x0000000712c37e18}: 'void java.lang.invoke.DirectMethodHandle$Holder.invokeInterface(java.lang.Object, java.lang.Object)'> (0x0000000712c37e18) 
thrown [s\src\hotspot\share\interpreter\linkResolver.cpp, line 771]

VM Operations (10 events):
Event: 0.382 Executing VM operation: HandshakeAllThreads
Event: 0.382 Executing VM operation: HandshakeAllThreads done
Event: 0.422 Executing VM operation: HandshakeAllThreads
Event: 0.422 Executing VM operation: HandshakeAllThreads done
Event: 0.878 Executing VM operation: HandshakeAllThreads
Event: 0.878 Executing VM operation: HandshakeAllThreads done
Event: 1.123 Executing VM operation: HandshakeAllThreads
Event: 1.123 Executing VM operation: HandshakeAllThreads done
Event: 1.123 Executing VM operation: Cleanup
Event: 1.123 Executing VM operation: Cleanup done

Events (20 events):
Event: 1.730 loading class java/security/spec/XECPublicKeySpec
Event: 1.730 loading class java/security/spec/KeySpec
Event: 1.730 loading class java/security/spec/KeySpec done
Event: 1.730 loading class java/security/spec/XECPublicKeySpec done
Event: 1.732 loading class java/security/spec/X509EncodedKeySpec
Event: 1.732 loading class java/security/spec/EncodedKeySpec
Event: 1.732 loading class java/security/spec/EncodedKeySpec done
Event: 1.732 loading class java/security/spec/X509EncodedKeySpec done
Event: 1.734 loading class sun/security/ssl/XDHKeyExchange
Event: 1.735 loading class sun/security/ssl/XDHKeyExchange done
Event: 1.735 loading class sun/security/ssl/XDHKeyExchange$XDHEKAGenerator
Event: 1.735 loading class sun/security/ssl/XDHKeyExchange$XDHEKAGenerator done
Event: 1.735 loading class sun/security/ssl/KAKeyDerivation
Event: 1.735 loading class sun/security/ssl/KAKeyDerivation done
Event: 1.736 loading class javax/crypto/KeyAgreementSpi
Event: 1.736 loading class javax/crypto/KeyAgreementSpi done
Event: 1.737 loading class javax/crypto/ShortBufferException
Event: 1.737 loading class javax/crypto/ShortBufferException done
Event: 1.737 loading class javax/crypto/SecretKey
Event: 1.737 loading class javax/crypto/SecretKey done


Dynamic libraries:
0x00007ff7222a0000 - 0x00007ff7222aa000 	D:\imanuel\programs downloaded\programs\IntelliJ IDEA Community Edition 2024.1\jbr\bin\java.exe
0x00007ff80fed0000 - 0x00007ff8100c8000 	C:\Windows\SYSTEM32\ntdll.dll
0x00007ff80f610000 - 0x00007ff80f6cd000 	C:\Windows\System32\KERNEL32.DLL
0x00007ff80dad0000 - 0x00007ff80ddc6000 	C:\Windows\System32\KERNELBASE.dll
0x00007ff80de00000 - 0x00007ff80df00000 	C:\Windows\System32\ucrtbase.dll
0x00007ff807500000 - 0x00007ff80751b000 	D:\imanuel\programs downloaded\programs\IntelliJ IDEA Community Edition 2024.1\jbr\bin\VCRUNTIME140.dll
0x00007ffff1530000 - 0x00007ffff1547000 	D:\imanuel\programs downloaded\programs\IntelliJ IDEA Community Edition 2024.1\jbr\bin\jli.dll
0x00007ff80f470000 - 0x00007ff80f60f000 	C:\Windows\System32\USER32.dll
0x00007ff80ddd0000 - 0x00007ff80ddf2000 	C:\Windows\System32\win32u.dll
0x00007ff80fd00000 - 0x00007ff80fd2b000 	C:\Windows\System32\GDI32.dll
0x00007ff80d9b0000 - 0x00007ff80dac7000 	C:\Windows\System32\gdi32full.dll
0x00007ffffa090000 - 0x00007ffffa32a000 	C:\Windows\WinSxS\amd64_microsoft.windows.common-controls_6595b64144ccf1df_6.0.19041.3636_none_60b6a03d71f818d5\COMCTL32.dll
0x00007ff80e770000 - 0x00007ff80e80e000 	C:\Windows\System32\msvcrt.dll
0x00007ff80d5b0000 - 0x00007ff80d64d000 	C:\Windows\System32\msvcp_win.dll
0x00007ff80f800000 - 0x00007ff80f832000 	C:\Windows\System32\IMM32.DLL
0x00007ff808b40000 - 0x00007ff808b4c000 	D:\imanuel\programs downloaded\programs\IntelliJ IDEA Community Edition 2024.1\jbr\bin\vcruntime140_1.dll
0x00007ffff2da0000 - 0x00007ffff2e2d000 	D:\imanuel\programs downloaded\programs\IntelliJ IDEA Community Edition 2024.1\jbr\bin\msvcp140.dll
0x00007fffeb620000 - 0x00007fffec2a2000 	D:\imanuel\programs downloaded\programs\IntelliJ IDEA Community Edition 2024.1\jbr\bin\server\jvm.dll
0x00007ff80e240000 - 0x00007ff80e2f0000 	C:\Windows\System32\ADVAPI32.dll
0x00007ff80f150000 - 0x00007ff80f1f0000 	C:\Windows\System32\sechost.dll
0x00007ff80f6d0000 - 0x00007ff80f7f3000 	C:\Windows\System32\RPCRT4.dll
0x00007ff80d580000 - 0x00007ff80d5a7000 	C:\Windows\System32\bcrypt.dll
0x00007ffff8bc0000 - 0x00007ffff8bca000 	C:\Windows\SYSTEM32\VERSION.dll
0x00007fffd3e70000 - 0x00007fffd3e97000 	C:\Windows\SYSTEM32\WINMM.dll
0x00007ff80cac0000 - 0x00007ff80cb0b000 	C:\Windows\SYSTEM32\POWRPROF.dll
0x00007fffd1e70000 - 0x00007fffd1e79000 	C:\Windows\SYSTEM32\WSOCK32.dll
0x00007ff80f840000 - 0x00007ff80f8ab000 	C:\Windows\System32\WS2_32.dll
0x00007ff80c980000 - 0x00007ff80c992000 	C:\Windows\SYSTEM32\UMPDC.dll
0x00007ff80bda0000 - 0x00007ff80bdb2000 	C:\Windows\SYSTEM32\kernel.appcore.dll
0x00007ff805d00000 - 0x00007ff805d0a000 	D:\imanuel\programs downloaded\programs\IntelliJ IDEA Community Edition 2024.1\jbr\bin\jimage.dll
0x00007ff80ba30000 - 0x00007ff80bc14000 	C:\Windows\SYSTEM32\DBGHELP.DLL
0x00007ffff42e0000 - 0x00007ffff4314000 	C:\Windows\SYSTEM32\dbgcore.DLL
0x00007ff80d650000 - 0x00007ff80d6d2000 	C:\Windows\System32\bcryptPrimitives.dll
0x00007ffff15d0000 - 0x00007ffff15f5000 	D:\imanuel\programs downloaded\programs\IntelliJ IDEA Community Edition 2024.1\jbr\bin\java.dll
0x00007ffff50d0000 - 0x00007ffff50e8000 	D:\imanuel\programs downloaded\programs\IntelliJ IDEA Community Edition 2024.1\jbr\bin\zip.dll
0x00007ff80e9e0000 - 0x00007ff80f14b000 	C:\Windows\System32\SHELL32.dll
0x00007ff80b180000 - 0x00007ff80b91e000 	C:\Windows\SYSTEM32\windows.storage.dll
0x00007ff80f8b0000 - 0x00007ff80fc03000 	C:\Windows\System32\combase.dll
0x00007ff80cfb0000 - 0x00007ff80cfde000 	C:\Windows\SYSTEM32\Wldp.dll
0x00007ff80e0b0000 - 0x00007ff80e17d000 	C:\Windows\System32\OLEAUT32.dll
0x00007ff80e930000 - 0x00007ff80e9dd000 	C:\Windows\System32\SHCORE.dll
0x00007ff80f410000 - 0x00007ff80f465000 	C:\Windows\System32\shlwapi.dll
0x00007ff80d4b0000 - 0x00007ff80d4d3000 	C:\Windows\SYSTEM32\profapi.dll
0x00007ffff1730000 - 0x00007ffff1749000 	D:\imanuel\programs downloaded\programs\IntelliJ IDEA Community Edition 2024.1\jbr\bin\net.dll
0x00007ff8076b0000 - 0x00007ff8077ba000 	C:\Windows\SYSTEM32\WINHTTP.dll
0x00007ff80cd10000 - 0x00007ff80cd7a000 	C:\Windows\system32\mswsock.dll
0x00007ffff15b0000 - 0x00007ffff15c6000 	D:\imanuel\programs downloaded\programs\IntelliJ IDEA Community Edition 2024.1\jbr\bin\nio.dll
0x00007ffff8f80000 - 0x00007ffff8f8e000 	D:\imanuel\programs downloaded\programs\IntelliJ IDEA Community Edition 2024.1\jbr\bin\sunmscapi.dll
0x00007ff80d6e0000 - 0x00007ff80d83e000 	C:\Windows\System32\CRYPT32.dll
0x00007ff80d020000 - 0x00007ff80d048000 	C:\Windows\SYSTEM32\ncrypt.dll
0x00007ff80cfe0000 - 0x00007ff80d01b000 	C:\Windows\SYSTEM32\NTASN1.dll
0x00007ff80cf00000 - 0x00007ff80cf18000 	C:\Windows\SYSTEM32\CRYPTSP.dll
0x00007ff80c5c0000 - 0x00007ff80c5f4000 	C:\Windows\system32\rsaenh.dll
0x00007ff80d430000 - 0x00007ff80d45e000 	C:\Windows\SYSTEM32\USERENV.dll
0x00007ff80cf20000 - 0x00007ff80cf2c000 	C:\Windows\SYSTEM32\CRYPTBASE.dll
0x00007ff80c9a0000 - 0x00007ff80c9db000 	C:\Windows\SYSTEM32\IPHLPAPI.DLL
0x00007ff80e760000 - 0x00007ff80e768000 	C:\Windows\System32\NSI.dll
0x00007ffffb7a0000 - 0x00007ffffb7b7000 	C:\Windows\SYSTEM32\dhcpcsvc6.DLL
0x00007ff800620000 - 0x00007ff80063d000 	C:\Windows\SYSTEM32\dhcpcsvc.DLL
0x00007ff80c9f0000 - 0x00007ff80cabb000 	C:\Windows\SYSTEM32\DNSAPI.dll
0x00007ffff16b0000 - 0x00007ffff16b7000 	C:\Windows\system32\wshunix.dll
0x00007ffff8f40000 - 0x00007ffff8f49000 	D:\imanuel\programs downloaded\programs\IntelliJ IDEA Community Edition 2024.1\jbr\bin\extnet.dll

dbghelp: loaded successfully - version: 4.0.5 - missing functions: none
symbol engine: initialized successfully - sym options: 0x614 - pdb path: .;D:\imanuel\programs downloaded\programs\IntelliJ IDEA Community Edition 2024.1\jbr\bin;C:\Windows\SYSTEM32;C:\Windows\WinSxS\amd64_microsoft.windows.common-controls_6595b64144ccf1df_6.0.19041.3636_none_60b6a03d71f818d5;D:\imanuel\programs downloaded\programs\IntelliJ IDEA Community Edition 2024.1\jbr\bin\server

VM Arguments:
java_command: git4idea.http.GitAskPassApp Password for 'https://ImanuelPerel@github.com': 
java_class_path (initial): D:/imanuel/programs downloaded/programs/IntelliJ IDEA Community Edition 2024.1/plugins/vcs-git/lib/git4idea-rt.jar;D:/imanuel/programs downloaded/programs/IntelliJ IDEA Community Edition 2024.1/lib/externalProcess-rt.jar
Launcher Type: SUN_STANDARD

[Global flags]
     intx CICompilerCount                          = 4                                         {product} {ergonomic}
     uint ConcGCThreads                            = 2                                         {product} {ergonomic}
     uint G1ConcRefinementThreads                  = 8                                         {product} {ergonomic}
   size_t G1HeapRegionSize                         = 2097152                                   {product} {ergonomic}
    uintx GCDrainStackTargetSize                   = 64                                        {product} {ergonomic}
   size_t InitialHeapSize                          = 266338304                                 {product} {ergonomic}
   size_t MarkStackSize                            = 4194304                                   {product} {ergonomic}
   size_t MaxHeapSize                              = 4232052736                                {product} {ergonomic}
   size_t MaxNewSize                               = 2537553920                                {product} {ergonomic}
   size_t MinHeapDeltaBytes                        = 2097152                                   {product} {ergonomic}
   size_t MinHeapSize                              = 8388608                                   {product} {ergonomic}
    uintx NonNMethodCodeHeapSize                   = 5839372                                {pd product} {ergonomic}
    uintx NonProfiledCodeHeapSize                  = 122909434                              {pd product} {ergonomic}
    uintx ProfiledCodeHeapSize                     = 122909434                              {pd product} {ergonomic}
    uintx ReservedCodeCacheSize                    = 251658240                              {pd product} {ergonomic}
     bool SegmentedCodeCache                       = true                                      {product} {ergonomic}
   size_t SoftMaxHeapSize                          = 4232052736                             {manageable} {ergonomic}
     bool UseCompressedClassPointers               = true                           {product lp64_product} {ergonomic}
     bool UseCompressedOops                        = true                           {product lp64_product} {ergonomic}
     bool UseG1GC                                  = true                                      {product} {ergonomic}
     bool UseLargePagesIndividualAllocation        = false                                  {pd product} {ergonomic}

Logging:
Log output configuration:
 #0: stdout all=warning uptime,level,tags
 #1: stderr all=off uptime,level,tags

Environment Variables:
JAVA_HOME=C:\Program Files\Java\jdk-21
PATH=C:\Program Files\Git\mingw64\libexec\git-core;C:\Program Files\Git\mingw64\libexec\git-core;C:\Program Files\Git\mingw64\bin;C:\Program Files\Git\usr\bin;C:\Users\Dell12N\bin;C:\Program Files\Common Files\Oracle\Java\javapath;C:\Windows\system32;C:\Windows;C:\Windows\System32\Wbem;C:\Windows\System32\WindowsPowerShell\v1.0;C:\Windows\System32\OpenSSH;C:\Program Files\dotnet;C:\Program Files (x86)\Windows Kits\10\Windows Performance Toolkit;C:\Program Files\Git\cmd;C:\Program Files\Java\jdk-21\bin;C:\Users\Dell12N\AppData\Local\Microsoft\WindowsApps;C:\Users\Dell12N\.dotnet\tools;D:\imanuel\programs downloaded\programs\IntelliJ IDEA Community Edition 2024.1\bin
USERNAME=Dell12N
DISPLAY=:0.0
LC_ALL=en_US.UTF-8
TERM=xterm-256color
TMPDIR=C:\Users\Dell12N\AppData\Local\Temp
OS=Windows_NT
PROCESSOR_IDENTIFIER=Intel64 Family 6 Model 142 Stepping 12, GenuineIntel
TMP=C:\Users\Dell12N\AppData\Local\Temp
TEMP=C:\Users\Dell12N\AppData\Local\Temp



Periodic native trim disabled

JNI global refs:
JNI global refs: 20, weak refs: 0

JNI global refs memory usage: 843, weak refs: 841

OOME stack traces (most recent first):
Classloader memory used:
Loader bootstrap                                                                       : 1870K
Loader jdk.internal.loader.ClassLoaders$PlatformClassLoader                            : 232K
Loader jdk.internal.loader.ClassLoaders$AppClassLoader                                 : 2337B
Loader jdk.internal.reflect.DelegatingClassLoader                                      : 830B


---------------  S Y S T E M  ---------------

OS:
 Windows 10 , 64 bit Build 19041 (10.0.19041.3636)
OS uptime: 16 days 1:57 hours

CPU: total 8 (initial active 8) (4 cores per cpu, 2 threads per core) family 6 model 142 stepping 12 microcode 0xf8, cx8, cmov, fxsr, ht, mmx, 3dnowpref, sse, sse2, sse3, ssse3, sse4.1, sse4.2, popcnt, lzcnt, tsc, tscinvbit, avx, avx2, aes, erms, clmul, bmi1, bmi2, adx, fma, vzeroupper, clflush, clflushopt
Processor Information for processor 0
  Max Mhz: 1896, Current Mhz: 1596, Mhz Limit: 1592
Processor Information for processor 1
  Max Mhz: 1896, Current Mhz: 1496, Mhz Limit: 1592
Processor Information for processor 2
  Max Mhz: 1896, Current Mhz: 1496, Mhz Limit: 1592
Processor Information for processor 3
  Max Mhz: 1896, Current Mhz: 1596, Mhz Limit: 1592
Processor Information for processor 4
  Max Mhz: 1896, Current Mhz: 1596, Mhz Limit: 1592
Processor Information for processor 5
  Max Mhz: 1896, Current Mhz: 1496, Mhz Limit: 1592
Processor Information for processor 6
  Max Mhz: 1896, Current Mhz: 1596, Mhz Limit: 1592
Processor Information for processor 7
  Max Mhz: 1896, Current Mhz: 1596, Mhz Limit: 1592

Memory: 4k page, system-wide physical 16142M (2640M free)
TotalPageFile size 28892M (AvailPageFile size 0M)
current process WorkingSet (physical memory assigned to process): 73M, peak: 73M
current process commit charge ("private bytes"): 354M, peak: 355M

vm_info: OpenJDK 64-Bit Server VM (17.0.10+8-b1207.12) for windows-amd64 JRE (17.0.10+8-b1207.12), built on 2024-03-15 by "builduser" with MS VC++ 16.10 / 16.11 (VS2019)

END.
