#
# There is insufficient memory for the Java Runtime Environment to continue.
# Native memory allocation (mmap) failed to map 266338304 bytes for G1 virtual space
# Possible reasons:
#   The system is out of physical RAM or swap space
#   The process is running with CompressedOops enabled, and the Java Heap may be blocking the growth of the native heap
# Possible solutions:
#   Reduce memory load on the system
#   Increase physical memory or swap space
#   Check if swap backing store is full
#   Decrease Java heap size (-Xmx/-Xms)
#   Decrease number of Java threads
#   Decrease Java thread stack sizes (-Xss)
#   Set larger code cache with -XX:ReservedCodeCacheSize=
#   JVM is running with Zero Based Compressed Oops mode in which the Java heap is
#     placed in the first 32GB address space. The Java Heap base address is the
#     maximum limit for the native heap growth. Please use -XX:HeapBaseMinAddress
#     to set the Java Heap base and to place the Java Heap above 32GB virtual address.
# This output file may be truncated or incomplete.
#
#  Out of Memory Error (os_windows.cpp:3825), pid=10536, tid=18436
#
# JRE version:  (17.0.10+8) (build )
# Java VM: OpenJDK 64-Bit Server VM (17.0.10+8-b1207.12, mixed mode, sharing, tiered, compressed oops, compressed class ptrs, g1 gc, windows-amd64)
# No core dump will be written. Minidumps are not enabled by default on client versions of Windows
#

---------------  S U M M A R Y ------------

Command Line: git4idea.http.GitAskPassApp Username for 'https://github.com': 

Host: Intel(R) Core(TM) i5-8365U CPU @ 1.60GHz, 8 cores, 15G,  Windows 10 , 64 bit Build 19041 (10.0.19041.3636)
Time: Tue Apr 30 14:24:00 2024 Jerusalem Daylight Time elapsed time: 0.190882 seconds (0d 0h 0m 0s)

---------------  T H R E A D  ---------------

Current thread (0x0000023cb15afcc0):  JavaThread "Unknown thread" [_thread_in_vm, id=18436, stack(0x000000df87500000,0x000000df87600000)]

Stack: [0x000000df87500000,0x000000df87600000]
Native frames: (J=compiled Java code, j=interpreted, Vv=VM code, C=native code)
V  [jvm.dll+0x687989]
V  [jvm.dll+0x84116a]
V  [jvm.dll+0x842dae]
V  [jvm.dll+0x843413]
V  [jvm.dll+0x249ccf]
V  [jvm.dll+0x684759]
V  [jvm.dll+0x67900a]
V  [jvm.dll+0x30ab0b]
V  [jvm.dll+0x311fb6]
V  [jvm.dll+0x361d5e]
V  [jvm.dll+0x361f8f]
V  [jvm.dll+0x2e07f8]
V  [jvm.dll+0x2e1764]
V  [jvm.dll+0x811c31]
V  [jvm.dll+0x36fc11]
V  [jvm.dll+0x7f0666]
V  [jvm.dll+0x3f3daf]
V  [jvm.dll+0x3f5a41]
C  [jli.dll+0x528f]
C  [ucrtbase.dll+0x21bb2]
C  [KERNEL32.DLL+0x17344]
C  [ntdll.dll+0x526b1]


---------------  P R O C E S S  ---------------

Threads class SMR info:
_java_thread_list=0x00007fffec15df58, length=0, elements={
}

Java Threads: ( => current thread )

Other Threads:
  0x0000023cb1619cc0 GCTaskThread "GC Thread#0" [stack: 0x000000df87600000,0x000000df87700000] [id=9920]
  0x0000023cb162c770 ConcurrentGCThread "G1 Main Marker" [stack: 0x000000df87700000,0x000000df87800000] [id=23276]
  0x0000023cb162d0a0 ConcurrentGCThread "G1 Conc#0" [stack: 0x000000df87800000,0x000000df87900000] [id=16252]

[error occurred during error reporting (printing all threads), id 0xc0000005, EXCEPTION_ACCESS_VIOLATION (0xc0000005) at pc=0x00007fffeb9113c7]

VM state: not at safepoint (not fully initialized)

VM Mutex/Monitor currently owned by a thread:  ([mutex/lock_event])
[0x0000023cb15aaa80] Heap_lock - owner thread: 0x0000023cb15afcc0

Heap address: 0x0000000703c00000, size: 4036 MB, Compressed Oops mode: Zero based, Oop shift amount: 3

CDS archive(s) mapped at: [0x0000000000000000-0x0000000000000000-0x0000000000000000), size 0, SharedBaseAddress: 0x0000000800000000, ArchiveRelocationMode: 1.
Narrow klass base: 0x0000000000000000, Narrow klass shift: 0, Narrow klass range: 0x0

GC Precious Log:
<Empty>

Heap:
 garbage-first heap   total 0K, used 0K [0x0000000703c00000, 0x0000000800000000)
  region size 2048K, 0 young (0K), 0 survivors (0K)
 Metaspace       used 0K, committed 0K, reserved 0K
  class space    used 0K, committed 0K, reserved 0K

Heap Regions: E=young(eden), S=young(survivor), O=old, HS=humongous(starts), HC=humongous(continues), CS=collection set, F=free, OA=open archive, CA=closed archive, TAMS=top-at-mark-start (previous, next)

Card table byte_map: [0x0000023cc67b0000,0x0000023cc6fa0000] _byte_map_base: 0x0000023cc2f92000

Marking Bits (Prev, Next): (CMBitMap*) 0x0000023cb161c200, (CMBitMap*) 0x0000023cb161c240
 Prev Bits: [0x0000023cc7790000, 0x0000023ccb6a0000)
 Next Bits: [0x0000023ccb6a0000, 0x0000023ccf5b0000)

GC Heap History (0 events):
No events

Dll operation events (1 events):
Event: 0.085 Loaded shared library D:\imanuel\programs downloaded\programs\IntelliJ IDEA Community Edition 2024.1\jbr\bin\java.dll

Deoptimization events (0 events):
No events

Classes unloaded (0 events):
No events

Classes redefined (0 events):
No events

Internal exceptions (0 events):
No events

VM Operations (0 events):
No events

Events (0 events):
No events


Dynamic libraries:
0x00007ff748040000 - 0x00007ff74804a000 	D:\imanuel\programs downloaded\programs\IntelliJ IDEA Community Edition 2024.1\jbr\bin\java.exe
0x00007ff80fed0000 - 0x00007ff8100c8000 	C:\Windows\SYSTEM32\ntdll.dll
0x00007ff80f610000 - 0x00007ff80f6cd000 	C:\Windows\System32\KERNEL32.DLL
0x00007ff80dad0000 - 0x00007ff80ddc6000 	C:\Windows\System32\KERNELBASE.dll
0x00007ff80de00000 - 0x00007ff80df00000 	C:\Windows\System32\ucrtbase.dll
0x00007ffff25f0000 - 0x00007ffff260b000 	D:\imanuel\programs downloaded\programs\IntelliJ IDEA Community Edition 2024.1\jbr\bin\VCRUNTIME140.dll
0x00007ffff1530000 - 0x00007ffff1547000 	D:\imanuel\programs downloaded\programs\IntelliJ IDEA Community Edition 2024.1\jbr\bin\jli.dll
0x00007ff80f470000 - 0x00007ff80f60f000 	C:\Windows\System32\USER32.dll
0x00007ff80ddd0000 - 0x00007ff80ddf2000 	C:\Windows\System32\win32u.dll
0x00007ffffa090000 - 0x00007ffffa32a000 	C:\Windows\WinSxS\amd64_microsoft.windows.common-controls_6595b64144ccf1df_6.0.19041.3636_none_60b6a03d71f818d5\COMCTL32.dll
0x00007ff80fd00000 - 0x00007ff80fd2b000 	C:\Windows\System32\GDI32.dll
0x00007ff80e770000 - 0x00007ff80e80e000 	C:\Windows\System32\msvcrt.dll
0x00007ff80d9b0000 - 0x00007ff80dac7000 	C:\Windows\System32\gdi32full.dll
0x00007ff80d5b0000 - 0x00007ff80d64d000 	C:\Windows\System32\msvcp_win.dll
0x00007ff80f800000 - 0x00007ff80f832000 	C:\Windows\System32\IMM32.DLL
0x00007ffff2aa0000 - 0x00007ffff2aac000 	D:\imanuel\programs downloaded\programs\IntelliJ IDEA Community Edition 2024.1\jbr\bin\vcruntime140_1.dll
0x00007fffea550000 - 0x00007fffea5dd000 	D:\imanuel\programs downloaded\programs\IntelliJ IDEA Community Edition 2024.1\jbr\bin\msvcp140.dll
0x00007fffeb620000 - 0x00007fffec2a2000 	D:\imanuel\programs downloaded\programs\IntelliJ IDEA Community Edition 2024.1\jbr\bin\server\jvm.dll
0x00007ff80e240000 - 0x00007ff80e2f0000 	C:\Windows\System32\ADVAPI32.dll
0x00007ff80f150000 - 0x00007ff80f1f0000 	C:\Windows\System32\sechost.dll
0x00007ff80f6d0000 - 0x00007ff80f7f3000 	C:\Windows\System32\RPCRT4.dll
0x00007ff80d580000 - 0x00007ff80d5a7000 	C:\Windows\System32\bcrypt.dll
0x00007fffd1e70000 - 0x00007fffd1e79000 	C:\Windows\SYSTEM32\WSOCK32.dll
0x00007ff80cac0000 - 0x00007ff80cb0b000 	C:\Windows\SYSTEM32\POWRPROF.dll
0x00007fffd3e70000 - 0x00007fffd3e97000 	C:\Windows\SYSTEM32\WINMM.dll
0x00007ff80f840000 - 0x00007ff80f8ab000 	C:\Windows\System32\WS2_32.dll
0x00007ffff8bc0000 - 0x00007ffff8bca000 	C:\Windows\SYSTEM32\VERSION.dll
0x00007ff80c980000 - 0x00007ff80c992000 	C:\Windows\SYSTEM32\UMPDC.dll
0x00007ff80bda0000 - 0x00007ff80bdb2000 	C:\Windows\SYSTEM32\kernel.appcore.dll
0x00007ff805d00000 - 0x00007ff805d0a000 	D:\imanuel\programs downloaded\programs\IntelliJ IDEA Community Edition 2024.1\jbr\bin\jimage.dll
0x00007ff80ba30000 - 0x00007ff80bc14000 	C:\Windows\SYSTEM32\DBGHELP.DLL
0x00007ffff42e0000 - 0x00007ffff4314000 	C:\Windows\SYSTEM32\dbgcore.DLL
0x00007ff80d650000 - 0x00007ff80d6d2000 	C:\Windows\System32\bcryptPrimitives.dll
0x00007ffff15d0000 - 0x00007ffff15f5000 	D:\imanuel\programs downloaded\programs\IntelliJ IDEA Community Edition 2024.1\jbr\bin\java.dll

dbghelp: loaded successfully - version: 4.0.5 - missing functions: none
symbol engine: initialized successfully - sym options: 0x614 - pdb path: .;D:\imanuel\programs downloaded\programs\IntelliJ IDEA Community Edition 2024.1\jbr\bin;C:\Windows\SYSTEM32;C:\Windows\WinSxS\amd64_microsoft.windows.common-controls_6595b64144ccf1df_6.0.19041.3636_none_60b6a03d71f818d5;D:\imanuel\programs downloaded\programs\IntelliJ IDEA Community Edition 2024.1\jbr\bin\server

VM Arguments:
java_command: git4idea.http.GitAskPassApp Username for 'https://github.com': 
java_class_path (initial): D:/imanuel/programs downloaded/programs/IntelliJ IDEA Community Edition 2024.1/plugins/vcs-git/lib/git4idea-rt.jar;D:/imanuel/programs downloaded/programs/IntelliJ IDEA Community Edition 2024.1/lib/externalProcess-rt.jar
Launcher Type: SUN_STANDARD

[Global flags]
     intx CICompilerCount                          = 4                                         {product} {ergonomic}
     uint ConcGCThreads                            = 2                                         {product} {ergonomic}
     uint G1ConcRefinementThreads                  = 8                                         {product} {ergonomic}
   size_t G1HeapRegionSize                         = 2097152                                   {product} {ergonomic}
    uintx GCDrainStackTargetSize                   = 64                                        {product} {ergonomic}
   size_t InitialHeapSize                          = 266338304                                 {product} {ergonomic}
   size_t MarkStackSize                            = 4194304                                   {product} {ergonomic}
   size_t MaxHeapSize                              = 4232052736                                {product} {ergonomic}
   size_t MinHeapDeltaBytes                        = 2097152                                   {product} {ergonomic}
   size_t MinHeapSize                              = 8388608                                   {product} {ergonomic}
    uintx NonNMethodCodeHeapSize                   = 5839372                                {pd product} {ergonomic}
    uintx NonProfiledCodeHeapSize                  = 122909434                              {pd product} {ergonomic}
    uintx ProfiledCodeHeapSize                     = 122909434                              {pd product} {ergonomic}
    uintx ReservedCodeCacheSize                    = 251658240                              {pd product} {ergonomic}
     bool SegmentedCodeCache                       = true                                      {product} {ergonomic}
   size_t SoftMaxHeapSize                          = 4232052736                             {manageable} {ergonomic}
     bool UseCompressedClassPointers               = true                           {product lp64_product} {ergonomic}
     bool UseCompressedOops                        = true                           {product lp64_product} {ergonomic}
     bool UseG1GC                                  = true                                      {product} {ergonomic}
     bool UseLargePagesIndividualAllocation        = false                                  {pd product} {ergonomic}

Logging:
Log output configuration:
 #0: stdout all=warning uptime,level,tags
 #1: stderr all=off uptime,level,tags

Environment Variables:
JAVA_HOME=C:\Program Files\Java\jdk-21
PATH=C:\Program Files\Git\mingw64\libexec\git-core;C:\Program Files\Git\mingw64\libexec\git-core;C:\Program Files\Git\mingw64\bin;C:\Program Files\Git\usr\bin;C:\Users\Dell12N\bin;C:\Program Files\Common Files\Oracle\Java\javapath;C:\Windows\system32;C:\Windows;C:\Windows\System32\Wbem;C:\Windows\System32\WindowsPowerShell\v1.0;C:\Windows\System32\OpenSSH;C:\Program Files\dotnet;C:\Program Files (x86)\Windows Kits\10\Windows Performance Toolkit;C:\Program Files\Git\cmd;C:\Program Files\Java\jdk-21\bin;C:\Users\Dell12N\AppData\Local\Microsoft\WindowsApps;C:\Users\Dell12N\.dotnet\tools;D:\imanuel\programs downloaded\programs\IntelliJ IDEA Community Edition 2024.1\bin
USERNAME=Dell12N
DISPLAY=:0.0
LC_ALL=en_US.UTF-8
TERM=xterm-256color
TMPDIR=C:\Users\Dell12N\AppData\Local\Temp
OS=Windows_NT
PROCESSOR_IDENTIFIER=Intel64 Family 6 Model 142 Stepping 12, GenuineIntel
TMP=C:\Users\Dell12N\AppData\Local\Temp
TEMP=C:\Users\Dell12N\AppData\Local\Temp



Periodic native trim disabled

JNI global refs:
JNI global refs: 0, weak refs: 0

JNI global refs memory usage: 0, weak refs: 0

OOME stack traces (most recent first):
Classloader memory used:


---------------  S Y S T E M  ---------------

OS:
 Windows 10 , 64 bit Build 19041 (10.0.19041.3636)
OS uptime: 11 days 14:34 hours

CPU: total 8 (initial active 8) (4 cores per cpu, 2 threads per core) family 6 model 142 stepping 12 microcode 0xf8, cx8, cmov, fxsr, ht, mmx, 3dnowpref, sse, sse2, sse3, ssse3, sse4.1, sse4.2, popcnt, lzcnt, tsc, tscinvbit, avx, avx2, aes, erms, clmul, bmi1, bmi2, adx, fma, vzeroupper, clflush, clflushopt
Processor Information for all 8 processors :
  Max Mhz: 1896, Current Mhz: 1596, Mhz Limit: 1592

Memory: 4k page, system-wide physical 16142M (2215M free)
TotalPageFile size 28892M (AvailPageFile size 211M)
current process WorkingSet (physical memory assigned to process): 10M, peak: 10M
current process commit charge ("private bytes"): 60M, peak: 314M

vm_info: OpenJDK 64-Bit Server VM (17.0.10+8-b1207.12) for windows-amd64 JRE (17.0.10+8-b1207.12), built on 2024-03-15 by "builduser" with MS VC++ 16.10 / 16.11 (VS2019)

END.
